<?xml version="1.0" encoding="UTF-8"?>
<!-- Generated by org.testng.reporters.JUnitXMLReporter -->
<testsuite ignored="0" hostname="CORP-LT0010Y3X" failures="0" tests="1" name="ncl.com testing on Chrome" time="1.516" errors="0" timestamp="2020-10-27T14:13:05 EDT">
  <testcase classname="testCases.HomePageTest" name="@BeforeClass setUp" time="1.495">
    <failure type="org.openqa.selenium.SessionNotCreatedException" message="session not created: This version of ChromeDriver only supports Chrome version 87
Current browser version is 86.0.4240.111 with binary path C:\Program Files (x86)\Google\Chrome\Application\chrome.exe
Build info: version: &amp;apos;3.141.59&amp;apos;, revision: &amp;apos;e82be7d358&amp;apos;, time: &amp;apos;2018-11-14T08:17:03&amp;apos;
System info: host: &amp;apos;CORP-LT0010Y3X&amp;apos;, ip: &amp;apos;10.10.6.54&amp;apos;, os.name: &amp;apos;Windows 10&amp;apos;, os.arch: &amp;apos;amd64&amp;apos;, os.version: &amp;apos;10.0&amp;apos;, java.version: &amp;apos;14.0.2&amp;apos;
Driver info: driver.version: ChromeDriver
remote stacktrace: Backtrace:
	Ordinal0 [0x00C1ECE3+3337443]
	Ordinal0 [0x00AFF041+2158657]
	Ordinal0 [0x00986FA8+618408]
	Ordinal0 [0x00901D52+73042]
	Ordinal0 [0x008FE0D8+57560]
	Ordinal0 [0x008FC38A+50058]
	Ordinal0 [0x00925E8E+220814]
	Ordinal0 [0x00925BFC+220156]
	Ordinal0 [0x0092181B+202779]
	Ordinal0 [0x00903D74+81268]
	Ordinal0 [0x00904D6E+85358]
	Ordinal0 [0x00904CF9+85241]
	Ordinal0 [0x00B16F2C+2256684]
	GetHandleVerifier [0x00DA2FAC+1478332]
	GetHandleVerifier [0x00DA2AFD+1477133]
	GetHandleVerifier [0x00DAAAD8+1509864]
	GetHandleVerifier [0x00DA369E+1480110]
	Ordinal0 [0x00B0D6BD+2217661]
	Ordinal0 [0x00B189AB+2263467]
	Ordinal0 [0x00B18AEF+2263791]
	Ordinal0 [0x00B2D363+2347875]
	BaseThreadInitThunk [0x776A8494+36]
	RtlAreBitsSet [0x779F4328+136]
	RtlAreBitsSet [0x779F42F8+88]
">
      <![CDATA[org.openqa.selenium.SessionNotCreatedException: session not created: This version of ChromeDriver only supports Chrome version 87
Current browser version is 86.0.4240.111 with binary path C:\Program Files (x86)\Google\Chrome\Application\chrome.exe
Build info: version: '3.141.59', revision: 'e82be7d358', time: '2018-11-14T08:17:03'
System info: host: 'CORP-LT0010Y3X', ip: '10.10.6.54', os.name: 'Windows 10', os.arch: 'amd64', os.version: '10.0', java.version: '14.0.2'
Driver info: driver.version: ChromeDriver
remote stacktrace: Backtrace:
Ordinal0 [0x00C1ECE3+3337443]
Ordinal0 [0x00AFF041+2158657]
Ordinal0 [0x00986FA8+618408]
Ordinal0 [0x00901D52+73042]
Ordinal0 [0x008FE0D8+57560]
Ordinal0 [0x008FC38A+50058]
Ordinal0 [0x00925E8E+220814]
Ordinal0 [0x00925BFC+220156]
Ordinal0 [0x0092181B+202779]
Ordinal0 [0x00903D74+81268]
Ordinal0 [0x00904D6E+85358]
Ordinal0 [0x00904CF9+85241]
Ordinal0 [0x00B16F2C+2256684]
GetHandleVerifier [0x00DA2FAC+1478332]
GetHandleVerifier [0x00DA2AFD+1477133]
GetHandleVerifier [0x00DAAAD8+1509864]
GetHandleVerifier [0x00DA369E+1480110]
Ordinal0 [0x00B0D6BD+2217661]
Ordinal0 [0x00B189AB+2263467]
Ordinal0 [0x00B18AEF+2263791]
Ordinal0 [0x00B2D363+2347875]
BaseThreadInitThunk [0x776A8494+36]
RtlAreBitsSet [0x779F4328+136]
RtlAreBitsSet [0x779F42F8+88]

at org.openqa.selenium.remote.W3CHandshakeResponse.lambda$errorHandler$0(W3CHandshakeResponse.java:62)
at org.openqa.selenium.remote.HandshakeResponse.lambda$getResponseFunction$0(HandshakeResponse.java:30)
at org.openqa.selenium.remote.ProtocolHandshake.lambda$createSession$0(ProtocolHandshake.java:126)
at java.base/java.util.stream.ReferencePipeline$3$1.accept(ReferencePipeline.java:195)
at java.base/java.util.Spliterators$ArraySpliterator.tryAdvance(Spliterators.java:958)
at java.base/java.util.stream.ReferencePipeline.forEachWithCancel(ReferencePipeline.java:127)
at java.base/java.util.stream.AbstractPipeline.copyIntoWithCancel(AbstractPipeline.java:502)
at java.base/java.util.stream.AbstractPipeline.copyInto(AbstractPipeline.java:488)
at java.base/java.util.stream.AbstractPipeline.wrapAndCopyInto(AbstractPipeline.java:474)
at java.base/java.util.stream.FindOps$FindOp.evaluateSequential(FindOps.java:150)
at java.base/java.util.stream.AbstractPipeline.evaluate(AbstractPipeline.java:234)
at java.base/java.util.stream.ReferencePipeline.findFirst(ReferencePipeline.java:543)
at org.openqa.selenium.remote.ProtocolHandshake.createSession(ProtocolHandshake.java:128)
at org.openqa.selenium.remote.ProtocolHandshake.createSession(ProtocolHandshake.java:74)
at org.openqa.selenium.remote.HttpCommandExecutor.execute(HttpCommandExecutor.java:136)
at org.openqa.selenium.remote.service.DriverCommandExecutor.execute(DriverCommandExecutor.java:83)
at org.openqa.selenium.remote.RemoteWebDriver.execute(RemoteWebDriver.java:552)
at org.openqa.selenium.remote.RemoteWebDriver.startSession(RemoteWebDriver.java:213)
at org.openqa.selenium.remote.RemoteWebDriver.<init>(RemoteWebDriver.java:131)
at org.openqa.selenium.chrome.ChromeDriver.<init>(ChromeDriver.java:181)
at org.openqa.selenium.chrome.ChromeDriver.<init>(ChromeDriver.java:168)
at org.openqa.selenium.chrome.ChromeDriver.<init>(ChromeDriver.java:123)
at ncl.BasePage.BasePage.initialition(BasePage.java:52)
at testCases.HomePageTest.setUp(HomePageTest.java:22)
at java.base/java.util.ArrayList.forEach(ArrayList.java:1511)
... Removed 34 stack frames]]>
    </failure>
  </testcase> <!-- @BeforeClass setUp -->
  <testcase classname="testCases.HomePageTest" name="@AfterClass tearDown" time="-1.603822385295E9">
    <skipped/>
  </testcase> <!-- @AfterClass tearDown -->
  <testcase classname="testCases.HomePageTest" name="VerifyWeAreInCruiseDetail" time="0.0">
    <skipped/>
  </testcase> <!-- VerifyWeAreInCruiseDetail -->
</testsuite> <!-- ncl.com testing on Chrome -->
