<?xml version="1.0" encoding="UTF-8"?>
<!-- Generated by org.testng.reporters.JUnitXMLReporter -->
<testsuite ignored="0" hostname="CORP-LT0010Y3X" failures="1" tests="1" name="ncl.com testing on IE" time="81.837" errors="0" timestamp="2020-10-29T00:59:12 EDT">
  <testcase classname="testCases.HomePageTest" name="VerifyWeAreInCruiseDetail" time="46.599">
    <failure type="java.lang.AssertionError" message="did not expect to find [true] but found [false]">
      <![CDATA[java.lang.AssertionError: did not expect to find [true] but found [false]
at testCases.HomePageTest.VerifyWeAreInCruiseDetail(HomePageTest.java:30)
at java.base/java.util.ArrayList.forEach(ArrayList.java:1511)
... Removed 35 stack frames]]>
    </failure>
  </testcase> <!-- VerifyWeAreInCruiseDetail -->
</testsuite> <!-- ncl.com testing on IE -->
